app/build/intermediates/manifest_merge_blame_file/release/manifest-merger-blame-release-report.txt
1<?xml version="1.0" encoding="utf-8"?>
2<manifest xmlns:android="http://schemas.android.com/apk/res/android"
3    package="com.example.floatingball"
4    android:versionCode="2"
5    android:versionName="1.01" >
6
7    <uses-sdk
8        android:minSdkVersion="19"
8-->src\main\AndroidManifest.xml
9        android:targetSdkVersion="29" />
9-->src\main\AndroidManifest.xml
10
11    <uses-permission android:name="android.permission.SYSTEM_ALERT_WINDOW" />
11-->src\main\AndroidManifest.xml:5:5-78
11-->src\main\AndroidManifest.xml:5:22-75
12    <uses-permission android:name="android.permission.RECEIVE_BOOT_COMPLETED" />
12-->src\main\AndroidManifest.xml:6:5-81
12-->src\main\AndroidManifest.xml:6:22-78
13    <uses-permission android:name="android.permission.FOREGROUND_SERVICE" />
13-->src\main\AndroidManifest.xml:7:5-77
13-->src\main\AndroidManifest.xml:7:22-74
14
15    <application
15-->src\main\AndroidManifest.xml:9:5-54:19
16        android:name="com.example.floatingball.application.FloatingBallApplication"
16-->src\main\AndroidManifest.xml:10:9-60
17        android:allowBackup="true"
17-->src\main\AndroidManifest.xml:11:9-35
18        android:appComponentFactory="androidx.core.app.CoreComponentFactory"
18-->[androidx.core:core:1.5.0] AndroidManifest.xml:24:18-86
19        android:icon="@mipmap/ic_launcher"
19-->src\main\AndroidManifest.xml:12:9-43
20        android:label="@string/app_name"
20-->src\main\AndroidManifest.xml:13:9-41
21        android:roundIcon="@mipmap/ic_launcher_round"
21-->src\main\AndroidManifest.xml:14:9-54
22        android:supportsRtl="true"
22-->src\main\AndroidManifest.xml:15:9-35
23        android:theme="@style/Theme.FloatingBall" >
23-->src\main\AndroidManifest.xml:16:9-50
24        <activity
24-->src\main\AndroidManifest.xml:19:9-27:20
25            android:name="com.example.floatingball.MainActivity"
25-->src\main\AndroidManifest.xml:20:13-41
26            android:exported="true"
26-->src\main\AndroidManifest.xml:21:13-36
27            android:launchMode="singleTask" >
27-->src\main\AndroidManifest.xml:22:13-44
28            <intent-filter>
28-->src\main\AndroidManifest.xml:23:13-26:29
29                <action android:name="android.intent.action.MAIN" />
29-->src\main\AndroidManifest.xml:24:17-69
29-->src\main\AndroidManifest.xml:24:25-66
30
31                <category android:name="android.intent.category.LAUNCHER" />
31-->src\main\AndroidManifest.xml:25:17-77
31-->src\main\AndroidManifest.xml:25:27-74
32            </intent-filter>
33        </activity>
34        <activity
34-->src\main\AndroidManifest.xml:29:9-33:46
35            android:name="com.example.floatingball.AppListActivity"
35-->src\main\AndroidManifest.xml:30:13-44
36            android:exported="false"
36-->src\main\AndroidManifest.xml:31:13-37
37            android:launchMode="singleTask"
37-->src\main\AndroidManifest.xml:33:13-44
38            android:theme="@style/Theme.AppList" />
38-->src\main\AndroidManifest.xml:32:13-49
39
40        <service
40-->src\main\AndroidManifest.xml:35:9-38:40
41            android:name="com.example.floatingball.service.FloatingBallService"
41-->src\main\AndroidManifest.xml:36:13-56
42            android:enabled="true"
42-->src\main\AndroidManifest.xml:37:13-35
43            android:exported="false" />
43-->src\main\AndroidManifest.xml:38:13-37
44        <service
44-->src\main\AndroidManifest.xml:40:9-43:40
45            android:name="com.example.floatingball.service.KeepAliveService"
45-->src\main\AndroidManifest.xml:41:13-53
46            android:enabled="true"
46-->src\main\AndroidManifest.xml:42:13-35
47            android:exported="false" />
47-->src\main\AndroidManifest.xml:43:13-37
48
49        <receiver
49-->src\main\AndroidManifest.xml:45:9-52:20
50            android:name="com.example.floatingball.receiver.BootCompletedReceiver"
50-->src\main\AndroidManifest.xml:46:13-59
51            android:enabled="true"
51-->src\main\AndroidManifest.xml:47:13-35
52            android:exported="false" >
52-->src\main\AndroidManifest.xml:48:13-37
53            <intent-filter>
53-->src\main\AndroidManifest.xml:49:13-51:29
54                <action android:name="android.intent.action.BOOT_COMPLETED" />
54-->src\main\AndroidManifest.xml:50:17-79
54-->src\main\AndroidManifest.xml:50:25-76
55            </intent-filter>
56        </receiver>
57    </application>
58
59</manifest>